17:29:56.135 [main] INFO  testCases.TC_02 - **Surgies page opended Successfully**
17:29:56.141 [main] INFO  testCases.TC_02 - ****Starting Testcase Four extracting Surgiers****
17:29:56.141 [main] INFO  testCases.TC_02 - ****Surgieres list printed****
17:29:56.602 [main] INFO  testCases.TC_02 - ***TestCase two excuted successfully***
17:30:29.593 [main] INFO  testCases.TC_03 - ****Starting Testcase five sanity testing****
17:30:29.593 [main] INFO  testCases.TC_03 - **Demo form page opended Successfully**
17:30:29.594 [main] INFO  testCases.TC_03 - ****Starting Testcase Six entering invalid detials in form****
17:30:30.205 [main] INFO  testCases.TC_03 - ****submit button disabled****
17:30:30.205 [main] INFO  testCases.TC_03 - ***TestCase three excuted successfully***
17:31:22.484 [main] INFO  testCases.TC_04 - ****Starting Testcase Seven sanity testing****
17:31:22.484 [main] INFO  testCases.TC_04 - **Practo Url opended Successfully**
17:31:22.488 [main] INFO  testCases.TC_04 - ****Starting Testcase Eight entering valid detials in form****
17:31:23.028 [main] INFO  testCases.TC_04 - ****submit button enabled****
17:31:44.568 [main] INFO  testCases.TC_04 - ***TestCase three excuted successfully***
09:58:00.935 [main] INFO  testCases.TC_01 - ****Starting Testcase One sanity testing****
09:58:00.940 [main] INFO  testCases.TC_01 - **Practo Url opended Successfully**
09:58:01.112 [main] INFO  testCases.TC_01 - ****Starting Testcase two extracting doctor detials****
09:59:40.987 [main] INFO  testCases.TC_02 - ****Starting Testcase Three sanity testing****
09:59:40.988 [main] INFO  testCases.TC_02 - **Surgies page opended Successfully**
09:59:40.991 [main] INFO  testCases.TC_02 - ****Starting Testcase Four extracting Surgiers****
09:59:40.991 [main] INFO  testCases.TC_02 - ****Surgieres list printed****
09:59:42.068 [main] INFO  testCases.TC_02 - ***TestCase two excuted successfully***
10:00:45.705 [main] INFO  testCases.TC_03 - ****Starting Testcase five sanity testing****
10:00:45.705 [main] INFO  testCases.TC_03 - **Demo form page opended Successfully**
10:00:45.712 [main] INFO  testCases.TC_03 - ****Starting Testcase Six entering invalid detials in form****
10:00:48.935 [main] INFO  testCases.TC_03 - ****submit button disabled****
10:00:48.935 [main] INFO  testCases.TC_03 - ***TestCase three excuted successfully***
10:01:48.637 [main] INFO  testCases.TC_04 - ****Starting Testcase Seven sanity testing****
10:01:48.637 [main] INFO  testCases.TC_04 - **Practo Url opended Successfully**
10:01:48.643 [main] INFO  testCases.TC_04 - ****Starting Testcase Eight entering valid detials in form****
10:01:50.165 [main] INFO  testCases.TC_04 - ****submit button enabled****
10:02:09.782 [main] INFO  testCases.TC_04 - ***TestCase three excuted successfully***
10:03:53.359 [main] INFO  testCases.TC_02 - ****Starting Testcase Three sanity testing****
10:03:53.367 [main] INFO  testCases.TC_02 - **Surgies page opended Successfully**
10:03:53.377 [main] INFO  testCases.TC_02 - ****Starting Testcase Four extracting Surgiers****
10:03:53.377 [main] INFO  testCases.TC_02 - ****Surgieres list printed****
10:03:54.275 [main] INFO  testCases.TC_02 - ***TestCase two excuted successfully***
10:04:56.224 [main] INFO  testCases.TC_03 - ****Starting Testcase five sanity testing****
10:04:56.224 [main] INFO  testCases.TC_03 - **Demo form page opended Successfully**
10:04:56.227 [main] INFO  testCases.TC_03 - ****Starting Testcase Six entering invalid detials in form****
10:04:58.555 [main] INFO  testCases.TC_03 - ****submit button disabled****
10:04:58.556 [main] INFO  testCases.TC_03 - ***TestCase three excuted successfully***
11:08:42.514 [main] INFO  testCases.TC_01 - ****Starting Testcase One sanity testing****
11:08:42.517 [main] INFO  testCases.TC_01 - **Practo Url opended Successfully**
11:08:42.584 [main] INFO  testCases.TC_01 - ****Starting Testcase two extracting doctor detials****
11:12:48.666 [main] INFO  testCases.TC_01 - First five doctor detials entered succesfully in Excel
11:12:48.666 [main] INFO  testCases.TC_01 - ***TestCase one excuted successfully***
11:13:53.417 [main] INFO  testCases.TC_02 - ****Starting Testcase Three sanity testing****
11:13:53.417 [main] INFO  testCases.TC_02 - **Surgies page opended Successfully**
11:13:53.420 [main] INFO  testCases.TC_02 - ****Starting Testcase Four extracting Surgiers****
11:13:53.421 [main] INFO  testCases.TC_02 - ****Surgieres list printed****
11:13:53.968 [main] INFO  testCases.TC_02 - ***TestCase two excuted successfully***
11:15:21.024 [main] INFO  testCases.TC_03 - ****Starting Testcase five sanity testing****
11:15:21.024 [main] INFO  testCases.TC_03 - **Demo form page opended Successfully**
11:15:21.026 [main] INFO  testCases.TC_03 - ****Starting Testcase Six entering invalid detials in form****
11:15:21.585 [main] INFO  testCases.TC_03 - ****submit button disabled****
11:15:21.585 [main] INFO  testCases.TC_03 - ***TestCase three excuted successfully***
