11:17:07.488 [main] INFO  testCases.TC_04 - ****Starting Testcase Seven sanity testing****
11:17:07.495 [main] INFO  testCases.TC_04 - **Practo Url opended Successfully**
11:17:07.497 [main] INFO  testCases.TC_04 - ****Starting Testcase Eight entering valid detials in form****
11:17:08.122 [main] INFO  testCases.TC_04 - ****submit button enabled****
11:17:18.769 [main] INFO  testCases.TC_04 - ***TestCase three excuted successfully***
11:52:38.908 [main] INFO  testCases.TC_01 - ****Starting Testcase One sanity testing****
11:52:38.911 [main] INFO  testCases.TC_01 - **Practo Url opended Successfully**
11:52:38.986 [main] INFO  testCases.TC_01 - ****Starting Testcase two extracting doctor detials****
11:53:35.407 [main] INFO  testCases.TC_02 - ****Starting Testcase Three sanity testing****
11:53:35.407 [main] INFO  testCases.TC_02 - **Surgies page opended Successfully**
11:53:35.409 [main] INFO  testCases.TC_02 - ****Starting Testcase Four extracting Surgiers****
11:53:35.409 [main] INFO  testCases.TC_02 - ****Surgieres list printed****
11:53:36.078 [main] INFO  testCases.TC_02 - ***TestCase two excuted successfully***
11:53:54.002 [main] INFO  testCases.TC_03 - ****Starting Testcase five sanity testing****
11:53:54.002 [main] INFO  testCases.TC_03 - **Demo form page opended Successfully**
11:53:54.003 [main] INFO  testCases.TC_03 - ****Starting Testcase Six entering invalid detials in form****
11:53:55.370 [main] INFO  testCases.TC_03 - ****submit button disabled****
11:53:55.371 [main] INFO  testCases.TC_03 - ***TestCase three excuted successfully***
11:54:13.257 [main] INFO  testCases.TC_04 - ****Starting Testcase Seven sanity testing****
11:54:13.257 [main] INFO  testCases.TC_04 - **Practo Url opended Successfully**
11:54:13.258 [main] INFO  testCases.TC_04 - ****Starting Testcase Eight entering valid detials in form****
11:54:14.119 [main] INFO  testCases.TC_04 - ****submit button enabled****
11:54:28.296 [main] INFO  testCases.TC_04 - ***TestCase three excuted successfully***
12:01:46.642 [main] INFO  testCases.TC_01 - ****Starting Testcase One sanity testing****
12:01:46.644 [main] INFO  testCases.TC_01 - **Practo Url opended Successfully**
12:01:46.691 [main] INFO  testCases.TC_01 - ****Starting Testcase two extracting doctor detials****
12:02:08.550 [main] INFO  testCases.TC_01 - First five doctor detials entered succesfully in Excel
12:02:08.550 [main] INFO  testCases.TC_01 - ***TestCase one excuted successfully***
12:02:24.851 [main] INFO  testCases.TC_02 - ****Starting Testcase Three sanity testing****
12:02:24.851 [main] INFO  testCases.TC_02 - **Surgies page opended Successfully**
12:02:24.853 [main] INFO  testCases.TC_02 - ****Starting Testcase Four extracting Surgiers****
12:02:24.853 [main] INFO  testCases.TC_02 - ****Surgieres list printed****
12:02:25.531 [main] INFO  testCases.TC_02 - ***TestCase two excuted successfully***
12:02:43.800 [main] INFO  testCases.TC_03 - ****Starting Testcase five sanity testing****
12:02:43.800 [main] INFO  testCases.TC_03 - **Demo form page opended Successfully**
12:02:43.802 [main] INFO  testCases.TC_03 - ****Starting Testcase Six entering invalid detials in form****
12:02:44.629 [main] INFO  testCases.TC_03 - ****submit button disabled****
12:02:44.629 [main] INFO  testCases.TC_03 - ***TestCase three excuted successfully***
12:03:03.792 [main] INFO  testCases.TC_04 - ****Starting Testcase Seven sanity testing****
12:03:03.792 [main] INFO  testCases.TC_04 - **Practo Url opended Successfully**
12:03:03.794 [main] INFO  testCases.TC_04 - ****Starting Testcase Eight entering valid detials in form****
12:03:04.622 [main] INFO  testCases.TC_04 - ****submit button enabled****
