15:05:40.457 [main] INFO  testCases.TC_01 - ****Starting Testcase one extracting doctor detials****
15:05:40.461 [main] INFO  testCases.TC_01 - **Practo Url opended Successfully**
15:06:48.509 [main] INFO  testCases.TC_01 - First five doctor detials entered succesfully in Excel
15:06:48.509 [main] INFO  testCases.TC_01 - ***TestCase one excuted successfully***
15:07:21.098 [main] INFO  testCases.TC_02 - ****Starting Testcase Two extracting Surgiers****
15:07:21.099 [main] INFO  testCases.TC_02 - **Practo Url opended Successfully**
15:07:22.726 [main] INFO  testCases.TC_02 - ****Surgieres list printed****
15:07:23.710 [main] INFO  testCases.TC_02 - ***TestCase two excuted successfully***
15:07:52.745 [main] INFO  testCases.TC_03 - ****Starting Testcase Three entering invalid detials in form****
15:07:52.745 [main] INFO  testCases.TC_03 - **Practo Url opended Successfully**
15:08:20.601 [main] INFO  testCases.TC_03 - ****submit button disabled****
15:08:20.601 [main] INFO  testCases.TC_03 - ***TestCase three excuted successfully***
15:09:27.690 [main] INFO  testCases.TC_04 - ****Starting Testcase four entering invalid detials in form****
15:09:27.690 [main] INFO  testCases.TC_04 - **Practo Url opended Successfully**
15:59:27.886 [main] INFO  testCases.TC_02 - ****Starting Testcase Three sanity testing****
15:59:27.895 [main] INFO  testCases.TC_02 - **Surgies page opended Successfully**
16:02:33.644 [main] INFO  testCases.TC_01 - ****Starting Testcase One sanity testing****
16:02:33.647 [main] INFO  testCases.TC_01 - **Practo Url opended Successfully**
16:02:33.702 [main] INFO  testCases.TC_01 - ****Starting Testcase two extracting doctor detials****
16:03:12.944 [main] INFO  testCases.TC_01 - First five doctor detials entered succesfully in Excel
16:03:12.944 [main] INFO  testCases.TC_01 - ***TestCase one excuted successfully***
16:03:22.774 [main] INFO  testCases.TC_02 - ****Starting Testcase Three sanity testing****
16:03:22.774 [main] INFO  testCases.TC_02 - **Surgies page opended Successfully**
16:03:22.779 [main] INFO  testCases.TC_02 - ****Starting Testcase Four extracting Surgiers****
16:03:22.779 [main] INFO  testCases.TC_02 - ****Surgieres list printed****
16:03:23.849 [main] INFO  testCases.TC_02 - ***TestCase two excuted successfully***
17:06:22.973 [main] INFO  testCases.TC_02 - ****Starting Testcase Three sanity testing****
17:06:22.976 [main] INFO  testCases.TC_02 - **Surgies page opended Successfully**
17:06:22.987 [main] INFO  testCases.TC_02 - ****Starting Testcase Four extracting Surgiers****
17:06:22.987 [main] INFO  testCases.TC_02 - ****Surgieres list printed****
17:06:23.511 [main] INFO  testCases.TC_02 - ***TestCase two excuted successfully***
17:08:13.379 [main] INFO  testCases.TC_01 - ****Starting Testcase One sanity testing****
17:08:13.381 [main] INFO  testCases.TC_01 - **Practo Url opended Successfully**
17:12:53.681 [main] INFO  testCases.TC_01 - ****Starting Testcase One sanity testing****
17:12:53.683 [main] INFO  testCases.TC_01 - **Practo Url opended Successfully**
17:13:00.509 [main] INFO  testCases.TC_02 - ****Starting Testcase Three sanity testing****
17:13:00.509 [main] INFO  testCases.TC_02 - **Surgies page opended Successfully**
17:13:51.717 [main] INFO  testCases.TC_03 - ****Starting Testcase five sanity testing****
17:13:51.717 [main] INFO  testCases.TC_03 - **Demo form page opended Successfully**
17:21:00.859 [main] INFO  testCases.TC_01 - ****Starting Testcase One sanity testing****
17:21:00.860 [main] INFO  testCases.TC_01 - **Practo Url opended Successfully**
17:23:41.130 [main] INFO  testCases.TC_02 - ****Starting Testcase Three sanity testing****
17:23:41.130 [main] INFO  testCases.TC_02 - **Surgies page opended Successfully**
17:23:41.133 [main] INFO  testCases.TC_02 - ****Starting Testcase Four extracting Surgiers****
17:23:41.133 [main] INFO  testCases.TC_02 - ****Surgieres list printed****
17:23:41.509 [main] INFO  testCases.TC_02 - ***TestCase two excuted successfully***
17:25:13.169 [main] INFO  testCases.TC_03 - ****Starting Testcase five sanity testing****
17:25:13.169 [main] INFO  testCases.TC_03 - **Demo form page opended Successfully**
17:25:13.172 [main] INFO  testCases.TC_03 - ****Starting Testcase Six entering invalid detials in form****
17:25:14.163 [main] INFO  testCases.TC_03 - ****submit button disabled****
17:25:14.163 [main] INFO  testCases.TC_03 - ***TestCase three excuted successfully***
17:27:14.081 [main] INFO  testCases.TC_01 - ****Starting Testcase One sanity testing****
17:27:14.083 [main] INFO  testCases.TC_01 - **Practo Url opended Successfully**
17:27:14.110 [main] INFO  testCases.TC_01 - ****Starting Testcase two extracting doctor detials****
17:29:28.917 [main] INFO  testCases.TC_01 - First five doctor detials entered succesfully in Excel
17:29:28.917 [main] INFO  testCases.TC_01 - ***TestCase one excuted successfully***
17:29:56.134 [main] INFO  testCases.TC_02 - ****Starting Testcase Three sanity testing****
